  [4;36;1mSQL (0.3ms)[0m   [0;1m SELECT name
 FROM sqlite_master
 WHERE type = 'table' AND NOT name = 'sqlite_sequence'
[0m
  [4;35;1mSQL (0.2ms)[0m   [0mselect sqlite_version(*)[0m
  [4;36;1mSQL (2.4ms)[0m   [0;1mCREATE TABLE "schema_migrations" ("version" varchar(255) NOT NULL) [0m
  [4;35;1mSQL (2.6ms)[0m   [0mCREATE UNIQUE INDEX "unique_schema_migrations" ON "schema_migrations" ("version")[0m
  [4;36;1mSQL (0.3ms)[0m   [0;1m SELECT name
 FROM sqlite_master
 WHERE type = 'table' AND NOT name = 'sqlite_sequence'
[0m
  [4;35;1mSQL (0.1ms)[0m   [0mSELECT version FROM schema_migrations[0m
Migrating to CreateAccounts (20090718022304)
  [4;36;1mSQL (0.8ms)[0m   [0;1m SELECT name
 FROM sqlite_master
 WHERE type = 'table' AND NOT name = 'sqlite_sequence'
[0m
  [4;35;1mSQL (0.1ms)[0m   [0mSELECT version FROM schema_migrations[0m
Migrating to CreateAccounts (20090718022304)
  [4;36;1mSQL (0.1ms)[0m   [0;1mselect sqlite_version(*)[0m
  [4;35;1mSQL (0.9ms)[0m   [0mCREATE TABLE "accounts" ("id" INTEGER PRIMARY KEY AUTOINCREMENT NOT NULL, "login" varchar(40), "name" varchar(100) DEFAULT '', "email" varchar(100), "crypted_password" varchar(255), "password_salt" varchar(255), "persistence_token" varchar(255), "single_access_token" varchar(255) NOT NULL, "perishable_token" varchar(255) NOT NULL, "login_count" integer DEFAULT 0 NOT NULL, "failed_login_count" integer DEFAULT 0 NOT NULL, "last_request_at" datetime, "current_login_at" datetime, "last_login_at" datetime, "current_login_ip" varchar(255), "last_login_ip" varchar(255), "state" varchar(255) DEFAULT 'passive', "activation_code" varchar(40), "activated_at" datetime, "deleted_at" datetime, "avatar_file_name" varchar(255), "avatar_content_type" varchar(255), "avatar_file_size" integer, "avatar_updated_at" datetime, "created_at" datetime, "updated_at" datetime) [0m
  [4;36;1mSQL (0.2ms)[0m   [0;1mINSERT INTO schema_migrations (version) VALUES ('20090718022304')[0m
  [4;35;1mSQL (0.3ms)[0m   [0m SELECT name
 FROM sqlite_master
 WHERE type = 'table' AND NOT name = 'sqlite_sequence'
[0m
  [4;36;1mSQL (0.1ms)[0m   [0;1mSELECT version FROM schema_migrations[0m
  [4;35;1mSQL (0.2ms)[0m   [0m SELECT name
 FROM sqlite_master
 WHERE type = 'table' AND NOT name = 'sqlite_sequence'
[0m
  [4;36;1mSQL (0.1ms)[0m   [0;1mPRAGMA index_list("accounts")[0m


Processing AccountsController#index (for ::1 at 2009-07-17 22:18:00) [GET]

ActionController::UnknownAction (No action responded to index. Actions: create, edit, new, and update):
  /opt/local/lib/ruby/1.8/webrick/httpserver.rb:104:in `service'
  /opt/local/lib/ruby/1.8/webrick/httpserver.rb:65:in `run'
  /opt/local/lib/ruby/1.8/webrick/server.rb:173:in `start_thread'
  /opt/local/lib/ruby/1.8/webrick/server.rb:162:in `start'
  /opt/local/lib/ruby/1.8/webrick/server.rb:162:in `start_thread'
  /opt/local/lib/ruby/1.8/webrick/server.rb:95:in `start'
  /opt/local/lib/ruby/1.8/webrick/server.rb:92:in `each'
  /opt/local/lib/ruby/1.8/webrick/server.rb:92:in `start'
  /opt/local/lib/ruby/1.8/webrick/server.rb:23:in `start'
  /opt/local/lib/ruby/1.8/webrick/server.rb:82:in `start'

Rendering rescues/layout (not_found)


Processing ApplicationController#index (for ::1 at 2009-07-17 22:18:04) [GET]

ActionController::RoutingError (No route matches "/account" with {:method=>:get}):
  /opt/local/lib/ruby/1.8/webrick/httpserver.rb:104:in `service'
  /opt/local/lib/ruby/1.8/webrick/httpserver.rb:65:in `run'
  /opt/local/lib/ruby/1.8/webrick/server.rb:173:in `start_thread'
  /opt/local/lib/ruby/1.8/webrick/server.rb:162:in `start'
  /opt/local/lib/ruby/1.8/webrick/server.rb:162:in `start_thread'
  /opt/local/lib/ruby/1.8/webrick/server.rb:95:in `start'
  /opt/local/lib/ruby/1.8/webrick/server.rb:92:in `each'
  /opt/local/lib/ruby/1.8/webrick/server.rb:92:in `start'
  /opt/local/lib/ruby/1.8/webrick/server.rb:23:in `start'
  /opt/local/lib/ruby/1.8/webrick/server.rb:82:in `start'

Rendering rescues/layout (not_found)


Processing AccountsController#new (for ::1 at 2009-07-17 22:18:40) [GET]
  [4;36;1mSQL (0.7ms)[0m   [0;1m SELECT name
 FROM sqlite_master
 WHERE type = 'table' AND NOT name = 'sqlite_sequence'
[0m
  [4;35;1mSQL (0.2ms)[0m   [0m SELECT name
 FROM sqlite_master
 WHERE type = 'table' AND NOT name = 'sqlite_sequence'
[0m

NameError (undefined local variable or method `acts_as_authentic' for #<Class:0x252ac18>):
  app/models/account.rb:2
  app/controllers/accounts_controller.rb:3:in `new'
  /opt/local/lib/ruby/1.8/webrick/httpserver.rb:104:in `service'
  /opt/local/lib/ruby/1.8/webrick/httpserver.rb:65:in `run'
  /opt/local/lib/ruby/1.8/webrick/server.rb:173:in `start_thread'
  /opt/local/lib/ruby/1.8/webrick/server.rb:162:in `start'
  /opt/local/lib/ruby/1.8/webrick/server.rb:162:in `start_thread'
  /opt/local/lib/ruby/1.8/webrick/server.rb:95:in `start'
  /opt/local/lib/ruby/1.8/webrick/server.rb:92:in `each'
  /opt/local/lib/ruby/1.8/webrick/server.rb:92:in `start'
  /opt/local/lib/ruby/1.8/webrick/server.rb:23:in `start'
  /opt/local/lib/ruby/1.8/webrick/server.rb:82:in `start'

Rendered rescues/_trace (105.5ms)
Rendered rescues/_request_and_response (1.4ms)
Rendering rescues/layout (internal_server_error)


Processing AccountsController#new (for ::1 at 2009-07-17 22:20:18) [GET]
Rendering template within layouts/application
Rendering accounts/new
Rendered accounts/_form (7.9ms)

ActionView::TemplateError (undefined local variable or method `new_user_path' for #<ActionView::Base:0x24c9864>) on line #12 of app/views/layouts/application.html.erb:
9:   <body>
10:     <div id="container">
11: 		<div id="user_nav">
12: 			<%= link_to "Register", new_user_path %>
13: 		</div>
14:       <%- flash.each do |name, msg| -%>
15:         <%= content_tag :div, msg, :id => "flash_#{name}" %>

    app/views/layouts/application.html.erb:12
    restfulx (1.2.2) lib/restfulx.rb:69:in `render'
    /opt/local/lib/ruby/1.8/webrick/httpserver.rb:104:in `service'
    /opt/local/lib/ruby/1.8/webrick/httpserver.rb:65:in `run'
    /opt/local/lib/ruby/1.8/webrick/server.rb:173:in `start_thread'
    /opt/local/lib/ruby/1.8/webrick/server.rb:162:in `start'
    /opt/local/lib/ruby/1.8/webrick/server.rb:162:in `start_thread'
    /opt/local/lib/ruby/1.8/webrick/server.rb:95:in `start'
    /opt/local/lib/ruby/1.8/webrick/server.rb:92:in `each'
    /opt/local/lib/ruby/1.8/webrick/server.rb:92:in `start'
    /opt/local/lib/ruby/1.8/webrick/server.rb:23:in `start'
    /opt/local/lib/ruby/1.8/webrick/server.rb:82:in `start'

Rendered rescues/_trace (104.1ms)
Rendered rescues/_request_and_response (1.4ms)
Rendering rescues/layout (internal_server_error)


Processing AccountsController#new (for ::1 at 2009-07-17 22:20:58) [GET]
Rendering template within layouts/application
Rendering accounts/new
Rendered accounts/_form (7.6ms)
Completed in 29ms (View: 18, DB: 0) | 200 OK [http://localhost/accounts/new]


Processing AccountsController#new (for ::1 at 2009-07-17 22:32:30) [GET]
Rendering template within layouts/application
Rendering accounts/new
Rendered accounts/_form (7.2ms)
Completed in 24ms (View: 12, DB: 0) | 200 OK [http://localhost/accounts/new]


Processing AccountsController#create (for ::1 at 2009-07-17 22:33:07) [POST]
  Parameters: {"commit"=>"Submit", "authenticity_token"=>"oRCtz2KI+2gkhmGrpkwFnTshRJ6R4HeInYkNhXOA2YA=", "account"=>{"name"=>"tbarker", "password_confirmation"=>"123456", "password"=>"123456", "login"=>"travis", "email"=>"tb@me.com"}}
  [4;36;1mAccount Exists (0.2ms)[0m   [0;1mSELECT "accounts".id FROM "accounts" WHERE (LOWER("accounts"."email") = 'tb@me.com') LIMIT 1[0m
  [4;35;1mAccount Exists (0.1ms)[0m   [0mSELECT "accounts".id FROM "accounts" WHERE (LOWER("accounts"."login") = 'travis') LIMIT 1[0m
  [4;36;1mAccount Exists (0.1ms)[0m   [0;1mSELECT "accounts".id FROM "accounts" WHERE ("accounts"."persistence_token" = '97676a0f96d91ecd1c2cccc5a7653c65640560a1cf83ea3cbaf80319e94b0519cd4b7b55f2e3aace8252abfe99bf688f56bb434cabc5738d603f8ae8a07ab556') LIMIT 1[0m
  [4;35;1mAccount Exists (0.1ms)[0m   [0mSELECT "accounts".id FROM "accounts" WHERE ("accounts"."single_access_token" = 'dUDmeudkcVc8RmTpkbUm') LIMIT 1[0m
  [4;36;1mAccount Create (0.5ms)[0m   [0;1mINSERT INTO "accounts" ("name", "single_access_token", "last_request_at", "activated_at", "avatar_file_name", "avatar_file_size", "created_at", "crypted_password", "perishable_token", "deleted_at", "updated_at", "activation_code", "failed_login_count", "current_login_ip", "password_salt", "current_login_at", "avatar_content_type", "persistence_token", "login_count", "last_login_ip", "login", "last_login_at", "avatar_updated_at", "email", "state") VALUES('tbarker', 'dUDmeudkcVc8RmTpkbUm', NULL, NULL, NULL, NULL, '2009-07-18 04:33:07', 'eac42aba0010a6eb7e2d6da2ebb5551f0c4f3a44a252c3e465e3bcf0058d8bf5d9b3db6ac202a936e2d4daf97d3bc24c496d622995d13943b117315bedf5a628', 'HsVUv4CPLalmhEDUCoDM', NULL, '2009-07-18 04:33:07', NULL, 0, NULL, '-BPqS9juU_-92ejpBwdV', NULL, NULL, '97676a0f96d91ecd1c2cccc5a7653c65640560a1cf83ea3cbaf80319e94b0519cd4b7b55f2e3aace8252abfe99bf688f56bb434cabc5738d603f8ae8a07ab556', 0, NULL, 'travis', NULL, NULL, 'tb@me.com', 'passive')[0m

NameError (undefined local variable or method `root_url' for #<AccountsController:0x275a380>):
  app/controllers/accounts_controller.rb:10:in `create'
  /opt/local/lib/ruby/1.8/webrick/httpserver.rb:104:in `service'
  /opt/local/lib/ruby/1.8/webrick/httpserver.rb:65:in `run'
  /opt/local/lib/ruby/1.8/webrick/server.rb:173:in `start_thread'
  /opt/local/lib/ruby/1.8/webrick/server.rb:162:in `start'
  /opt/local/lib/ruby/1.8/webrick/server.rb:162:in `start_thread'
  /opt/local/lib/ruby/1.8/webrick/server.rb:95:in `start'
  /opt/local/lib/ruby/1.8/webrick/server.rb:92:in `each'
  /opt/local/lib/ruby/1.8/webrick/server.rb:92:in `start'
  /opt/local/lib/ruby/1.8/webrick/server.rb:23:in `start'
  /opt/local/lib/ruby/1.8/webrick/server.rb:82:in `start'

Rendered rescues/_trace (92.3ms)
Rendered rescues/_request_and_response (1.5ms)
Rendering rescues/layout (internal_server_error)


Processing AccountsController#index (for ::1 at 2009-07-17 22:35:09) [GET]

ActionController::UnknownAction (No action responded to index. Actions: create, edit, new, and update):
  /opt/local/lib/ruby/1.8/webrick/httpserver.rb:104:in `service'
  /opt/local/lib/ruby/1.8/webrick/httpserver.rb:65:in `run'
  /opt/local/lib/ruby/1.8/webrick/server.rb:173:in `start_thread'
  /opt/local/lib/ruby/1.8/webrick/server.rb:162:in `start'
  /opt/local/lib/ruby/1.8/webrick/server.rb:162:in `start_thread'
  /opt/local/lib/ruby/1.8/webrick/server.rb:95:in `start'
  /opt/local/lib/ruby/1.8/webrick/server.rb:92:in `each'
  /opt/local/lib/ruby/1.8/webrick/server.rb:92:in `start'
  /opt/local/lib/ruby/1.8/webrick/server.rb:23:in `start'
  /opt/local/lib/ruby/1.8/webrick/server.rb:82:in `start'

Rendering rescues/layout (not_found)


Processing ApplicationController#index (for ::1 at 2009-07-17 22:37:14) [GET]

NameError (uninitialized constant WelcomeController):
  /opt/local/lib/ruby/1.8/webrick/httpserver.rb:104:in `service'
  /opt/local/lib/ruby/1.8/webrick/httpserver.rb:65:in `run'
  /opt/local/lib/ruby/1.8/webrick/server.rb:173:in `start_thread'
  /opt/local/lib/ruby/1.8/webrick/server.rb:162:in `start'
  /opt/local/lib/ruby/1.8/webrick/server.rb:162:in `start_thread'
  /opt/local/lib/ruby/1.8/webrick/server.rb:95:in `start'
  /opt/local/lib/ruby/1.8/webrick/server.rb:92:in `each'
  /opt/local/lib/ruby/1.8/webrick/server.rb:92:in `start'
  /opt/local/lib/ruby/1.8/webrick/server.rb:23:in `start'
  /opt/local/lib/ruby/1.8/webrick/server.rb:82:in `start'

Rendered rescues/_trace (29.1ms)
Rendered rescues/_request_and_response (1.4ms)
Rendering rescues/layout (internal_server_error)


Processing WelcomesController#index (for ::1 at 2009-07-17 22:38:26) [GET]

NameError (uninitialized constant WelcomesController::Welcome):
  app/controllers/welcomes_controller.rb:3:in `index'
  /opt/local/lib/ruby/1.8/webrick/httpserver.rb:104:in `service'
  /opt/local/lib/ruby/1.8/webrick/httpserver.rb:65:in `run'
  /opt/local/lib/ruby/1.8/webrick/server.rb:173:in `start_thread'
  /opt/local/lib/ruby/1.8/webrick/server.rb:162:in `start'
  /opt/local/lib/ruby/1.8/webrick/server.rb:162:in `start_thread'
  /opt/local/lib/ruby/1.8/webrick/server.rb:95:in `start'
  /opt/local/lib/ruby/1.8/webrick/server.rb:92:in `each'
  /opt/local/lib/ruby/1.8/webrick/server.rb:92:in `start'
  /opt/local/lib/ruby/1.8/webrick/server.rb:23:in `start'
  /opt/local/lib/ruby/1.8/webrick/server.rb:82:in `start'

Rendered rescues/_trace (36.0ms)
Rendered rescues/_request_and_response (1.4ms)
Rendering rescues/layout (internal_server_error)


Processing ApplicationController#index (for ::1 at 2009-07-17 22:38:52) [GET]

NameError (uninitialized constant WelcomeController):
  /opt/local/lib/ruby/1.8/webrick/httpserver.rb:104:in `service'
  /opt/local/lib/ruby/1.8/webrick/httpserver.rb:65:in `run'
  /opt/local/lib/ruby/1.8/webrick/server.rb:173:in `start_thread'
  /opt/local/lib/ruby/1.8/webrick/server.rb:162:in `start'
  /opt/local/lib/ruby/1.8/webrick/server.rb:162:in `start_thread'
  /opt/local/lib/ruby/1.8/webrick/server.rb:95:in `start'
  /opt/local/lib/ruby/1.8/webrick/server.rb:92:in `each'
  /opt/local/lib/ruby/1.8/webrick/server.rb:92:in `start'
  /opt/local/lib/ruby/1.8/webrick/server.rb:23:in `start'
  /opt/local/lib/ruby/1.8/webrick/server.rb:82:in `start'

Rendered rescues/_trace (32.1ms)
Rendered rescues/_request_and_response (1.7ms)
Rendering rescues/layout (internal_server_error)


Processing ApplicationController#index (for ::1 at 2009-07-17 22:38:55) [GET]

NameError (uninitialized constant WelcomeController):
  /opt/local/lib/ruby/1.8/webrick/httpserver.rb:104:in `service'
  /opt/local/lib/ruby/1.8/webrick/httpserver.rb:65:in `run'
  /opt/local/lib/ruby/1.8/webrick/server.rb:173:in `start_thread'
  /opt/local/lib/ruby/1.8/webrick/server.rb:162:in `start'
  /opt/local/lib/ruby/1.8/webrick/server.rb:162:in `start_thread'
  /opt/local/lib/ruby/1.8/webrick/server.rb:95:in `start'
  /opt/local/lib/ruby/1.8/webrick/server.rb:92:in `each'
  /opt/local/lib/ruby/1.8/webrick/server.rb:92:in `start'
  /opt/local/lib/ruby/1.8/webrick/server.rb:23:in `start'
  /opt/local/lib/ruby/1.8/webrick/server.rb:82:in `start'

Rendered rescues/_trace (30.4ms)
Rendered rescues/_request_and_response (0.3ms)
Rendering rescues/layout (internal_server_error)


Processing WelcomesController#index (for ::1 at 2009-07-17 22:39:57) [GET]

NameError (uninitialized constant WelcomesController::Welcome):
  app/controllers/welcomes_controller.rb:3:in `index'
  /opt/local/lib/ruby/1.8/webrick/httpserver.rb:104:in `service'
  /opt/local/lib/ruby/1.8/webrick/httpserver.rb:65:in `run'
  /opt/local/lib/ruby/1.8/webrick/server.rb:173:in `start_thread'
  /opt/local/lib/ruby/1.8/webrick/server.rb:162:in `start'
  /opt/local/lib/ruby/1.8/webrick/server.rb:162:in `start_thread'
  /opt/local/lib/ruby/1.8/webrick/server.rb:95:in `start'
  /opt/local/lib/ruby/1.8/webrick/server.rb:92:in `each'
  /opt/local/lib/ruby/1.8/webrick/server.rb:92:in `start'
  /opt/local/lib/ruby/1.8/webrick/server.rb:23:in `start'
  /opt/local/lib/ruby/1.8/webrick/server.rb:82:in `start'

Rendered rescues/_trace (31.1ms)
Rendered rescues/_request_and_response (0.3ms)
Rendering rescues/layout (internal_server_error)


Processing ApplicationController#index (for ::1 at 2009-07-17 22:41:07) [GET]

ActionController::RoutingError (No route matches "/potatoes" with {:method=>:get}):
  /opt/local/lib/ruby/1.8/webrick/httpserver.rb:104:in `service'
  /opt/local/lib/ruby/1.8/webrick/httpserver.rb:65:in `run'
  /opt/local/lib/ruby/1.8/webrick/server.rb:173:in `start_thread'
  /opt/local/lib/ruby/1.8/webrick/server.rb:162:in `start'
  /opt/local/lib/ruby/1.8/webrick/server.rb:162:in `start_thread'
  /opt/local/lib/ruby/1.8/webrick/server.rb:95:in `start'
  /opt/local/lib/ruby/1.8/webrick/server.rb:92:in `each'
  /opt/local/lib/ruby/1.8/webrick/server.rb:92:in `start'
  /opt/local/lib/ruby/1.8/webrick/server.rb:23:in `start'
  /opt/local/lib/ruby/1.8/webrick/server.rb:82:in `start'

Rendering rescues/layout (not_found)


Processing ApplicationController#index (for ::1 at 2009-07-17 22:41:42) [GET]

ActionController::RoutingError (No route matches "/potatoes" with {:method=>:get}):
  /opt/local/lib/ruby/1.8/webrick/httpserver.rb:104:in `service'
  /opt/local/lib/ruby/1.8/webrick/httpserver.rb:65:in `run'
  /opt/local/lib/ruby/1.8/webrick/server.rb:173:in `start_thread'
  /opt/local/lib/ruby/1.8/webrick/server.rb:162:in `start'
  /opt/local/lib/ruby/1.8/webrick/server.rb:162:in `start_thread'
  /opt/local/lib/ruby/1.8/webrick/server.rb:95:in `start'
  /opt/local/lib/ruby/1.8/webrick/server.rb:92:in `each'
  /opt/local/lib/ruby/1.8/webrick/server.rb:92:in `start'
  /opt/local/lib/ruby/1.8/webrick/server.rb:23:in `start'
  /opt/local/lib/ruby/1.8/webrick/server.rb:82:in `start'

Rendering rescues/layout (not_found)


Processing ApplicationController#index (for ::1 at 2009-07-17 22:41:50) [GET]

ActionController::RoutingError (No route matches "/potatoes/index" with {:method=>:get}):
  /opt/local/lib/ruby/1.8/webrick/httpserver.rb:104:in `service'
  /opt/local/lib/ruby/1.8/webrick/httpserver.rb:65:in `run'
  /opt/local/lib/ruby/1.8/webrick/server.rb:173:in `start_thread'
  /opt/local/lib/ruby/1.8/webrick/server.rb:162:in `start'
  /opt/local/lib/ruby/1.8/webrick/server.rb:162:in `start_thread'
  /opt/local/lib/ruby/1.8/webrick/server.rb:95:in `start'
  /opt/local/lib/ruby/1.8/webrick/server.rb:92:in `each'
  /opt/local/lib/ruby/1.8/webrick/server.rb:92:in `start'
  /opt/local/lib/ruby/1.8/webrick/server.rb:23:in `start'
  /opt/local/lib/ruby/1.8/webrick/server.rb:82:in `start'

Rendering rescues/layout (not_found)


Processing ApplicationController#index (for ::1 at 2009-07-17 22:42:05) [GET]

ActionController::RoutingError (No route matches "/potatoes" with {:method=>:get}):
  /opt/local/lib/ruby/1.8/webrick/httpserver.rb:104:in `service'
  /opt/local/lib/ruby/1.8/webrick/httpserver.rb:65:in `run'
  /opt/local/lib/ruby/1.8/webrick/server.rb:173:in `start_thread'
  /opt/local/lib/ruby/1.8/webrick/server.rb:162:in `start'
  /opt/local/lib/ruby/1.8/webrick/server.rb:162:in `start_thread'
  /opt/local/lib/ruby/1.8/webrick/server.rb:95:in `start'
  /opt/local/lib/ruby/1.8/webrick/server.rb:92:in `each'
  /opt/local/lib/ruby/1.8/webrick/server.rb:92:in `start'
  /opt/local/lib/ruby/1.8/webrick/server.rb:23:in `start'
  /opt/local/lib/ruby/1.8/webrick/server.rb:82:in `start'

Rendering rescues/layout (not_found)


Processing AccountsController#index (for ::1 at 2009-07-17 22:42:46) [GET]

ActionController::UnknownAction (No action responded to index. Actions: create, edit, new, and update):
  /opt/local/lib/ruby/1.8/webrick/httpserver.rb:104:in `service'
  /opt/local/lib/ruby/1.8/webrick/httpserver.rb:65:in `run'
  /opt/local/lib/ruby/1.8/webrick/server.rb:173:in `start_thread'
  /opt/local/lib/ruby/1.8/webrick/server.rb:162:in `start'
  /opt/local/lib/ruby/1.8/webrick/server.rb:162:in `start_thread'
  /opt/local/lib/ruby/1.8/webrick/server.rb:95:in `start'
  /opt/local/lib/ruby/1.8/webrick/server.rb:92:in `each'
  /opt/local/lib/ruby/1.8/webrick/server.rb:92:in `start'
  /opt/local/lib/ruby/1.8/webrick/server.rb:23:in `start'
  /opt/local/lib/ruby/1.8/webrick/server.rb:82:in `start'

Rendering rescues/layout (not_found)


Processing AccountsController#new (for ::1 at 2009-07-17 22:42:52) [GET]
Rendering template within layouts/application
Rendering accounts/new
Rendered accounts/_form (8.2ms)
Completed in 31ms (View: 18, DB: 0) | 200 OK [http://localhost/accounts/new]
  [4;36;1mSQL (0.3ms)[0m   [0;1m SELECT name
 FROM sqlite_master
 WHERE type = 'table' AND NOT name = 'sqlite_sequence'
[0m
  [4;35;1mAccount Load (0.5ms)[0m   [0mSELECT * FROM "accounts" [0m
  [4;36;1mAccount Load (0.7ms)[0m   [0;1mSELECT * FROM "accounts" LIMIT 1[0m
  [4;35;1mAccount Load (0.6ms)[0m   [0mSELECT * FROM "accounts" LIMIT 1[0m
  [4;36;1mAccount Load (0.8ms)[0m   [0;1mSELECT * FROM "accounts" LIMIT 1[0m


Processing AccountsController#new (for ::1 at 2009-07-17 22:54:48) [GET]
Rendering template within layouts/application
Rendering accounts/new
Rendered accounts/_form (8.1ms)
Completed in 97ms (View: 84, DB: 0) | 200 OK [http://localhost/accounts/new]


Processing ApplicationController#new (for ::1 at 2009-07-17 22:54:52) [GET]

NameError (uninitialized constant AccountSessionController):
  /opt/local/lib/ruby/1.8/webrick/httpserver.rb:104:in `service'
  /opt/local/lib/ruby/1.8/webrick/httpserver.rb:65:in `run'
  /opt/local/lib/ruby/1.8/webrick/server.rb:173:in `start_thread'
  /opt/local/lib/ruby/1.8/webrick/server.rb:162:in `start'
  /opt/local/lib/ruby/1.8/webrick/server.rb:162:in `start_thread'
  /opt/local/lib/ruby/1.8/webrick/server.rb:95:in `start'
  /opt/local/lib/ruby/1.8/webrick/server.rb:92:in `each'
  /opt/local/lib/ruby/1.8/webrick/server.rb:92:in `start'
  /opt/local/lib/ruby/1.8/webrick/server.rb:23:in `start'
  /opt/local/lib/ruby/1.8/webrick/server.rb:82:in `start'

Rendered rescues/_trace (28.1ms)
Rendered rescues/_request_and_response (1.3ms)
Rendering rescues/layout (internal_server_error)


Processing AccountSessionsController#new (for ::1 at 2009-07-17 22:55:52) [GET]
Rendering template within layouts/application
Rendering account_sessions/new
Completed in 20ms (View: 6, DB: 0) | 200 OK [http://localhost/login]


Processing AccountSessionsController#create (for ::1 at 2009-07-17 22:55:55) [POST]
  Parameters: {"commit"=>"Submit", "account_session"=>{"password"=>"melorbode", "login"=>"captproton"}, "authenticity_token"=>"oRCtz2KI+2gkhmGrpkwFnTshRJ6R4HeInYkNhXOA2YA="}
  [4;36;1mAccount Load (0.3ms)[0m   [0;1mSELECT * FROM "accounts" WHERE (LOWER("accounts".login) = 'captproton') LIMIT 1[0m
Rendering template within layouts/application
Rendering account_sessions/new
Completed in 188ms (View: 3, DB: 0) | 200 OK [http://localhost/account_sessions]


Processing AccountSessionsController#create (for ::1 at 2009-07-17 22:56:08) [POST]
  Parameters: {"commit"=>"Submit", "account_session"=>{"password"=>"123456", "login"=>"travis"}, "authenticity_token"=>"oRCtz2KI+2gkhmGrpkwFnTshRJ6R4HeInYkNhXOA2YA="}
  [4;35;1mAccount Load (0.5ms)[0m   [0mSELECT * FROM "accounts" WHERE (LOWER("accounts".login) = 'travis') LIMIT 1[0m
  [4;36;1mAccount Update (0.7ms)[0m   [0;1mUPDATE "accounts" SET "login_count" = 1, "current_login_ip" = '::1', "updated_at" = '2009-07-18 04:56:08', "perishable_token" = 'IyxMud3c8CX4cjlzxwF_', "last_request_at" = '2009-07-18 04:56:08', "current_login_at" = '2009-07-18 04:56:08' WHERE "id" = 1[0m
Redirected to http://localhost:3000/
Completed in 144ms (DB: 1) | 302 Found [http://localhost/account_sessions]


Processing ApplicationController#index (for ::1 at 2009-07-17 22:56:08) [GET]

NameError (uninitialized constant WelcomeController):
  /opt/local/lib/ruby/1.8/webrick/httpserver.rb:104:in `service'
  /opt/local/lib/ruby/1.8/webrick/httpserver.rb:65:in `run'
  /opt/local/lib/ruby/1.8/webrick/server.rb:173:in `start_thread'
  /opt/local/lib/ruby/1.8/webrick/server.rb:162:in `start'
  /opt/local/lib/ruby/1.8/webrick/server.rb:162:in `start_thread'
  /opt/local/lib/ruby/1.8/webrick/server.rb:95:in `start'
  /opt/local/lib/ruby/1.8/webrick/server.rb:92:in `each'
  /opt/local/lib/ruby/1.8/webrick/server.rb:92:in `start'
  /opt/local/lib/ruby/1.8/webrick/server.rb:23:in `start'
  /opt/local/lib/ruby/1.8/webrick/server.rb:82:in `start'

Rendered rescues/_trace (34.0ms)
Rendered rescues/_request_and_response (0.3ms)
Rendering rescues/layout (internal_server_error)


Processing ApplicationController#index (for ::1 at 2009-07-17 23:07:41) [GET]

ActionController::RoutingError (No route matches "/account/new" with {:method=>:get}):
  /opt/local/lib/ruby/1.8/webrick/httpserver.rb:104:in `service'
  /opt/local/lib/ruby/1.8/webrick/httpserver.rb:65:in `run'
  /opt/local/lib/ruby/1.8/webrick/server.rb:173:in `start_thread'
  /opt/local/lib/ruby/1.8/webrick/server.rb:162:in `start'
  /opt/local/lib/ruby/1.8/webrick/server.rb:162:in `start_thread'
  /opt/local/lib/ruby/1.8/webrick/server.rb:95:in `start'
  /opt/local/lib/ruby/1.8/webrick/server.rb:92:in `each'
  /opt/local/lib/ruby/1.8/webrick/server.rb:92:in `start'
  /opt/local/lib/ruby/1.8/webrick/server.rb:23:in `start'
  /opt/local/lib/ruby/1.8/webrick/server.rb:82:in `start'

Rendering rescues/layout (not_found)


Processing AccountsController#new (for ::1 at 2009-07-17 23:07:48) [GET]
Rendering template within layouts/application
Rendering accounts/new
Rendered accounts/_form (5.8ms)

ActionView::TemplateError (uninitialized constant ApplicationController::UserSession) on line #12 of app/views/layouts/application.html.erb:
9:   <body>
10:     <div id="container">
11: 		<div id="user_nav">
12: 			<% if current_user %>
13: 				<%= link_to "Edit Profile", edit_user_path(:current) %> | 
14: 				<%= link_to "Logout", logout_path %>
15: 			<% else %>

    app/controllers/application_controller.rb:17:in `current_user_session'
    app/controllers/application_controller.rb:22:in `current_user'
    (eval):2:in `send'
    (eval):2:in `current_user'
    app/views/layouts/application.html.erb:12
    restfulx (1.2.2) lib/restfulx.rb:69:in `render'
    /opt/local/lib/ruby/1.8/webrick/httpserver.rb:104:in `service'
    /opt/local/lib/ruby/1.8/webrick/httpserver.rb:65:in `run'
    /opt/local/lib/ruby/1.8/webrick/server.rb:173:in `start_thread'
    /opt/local/lib/ruby/1.8/webrick/server.rb:162:in `start'
    /opt/local/lib/ruby/1.8/webrick/server.rb:162:in `start_thread'
    /opt/local/lib/ruby/1.8/webrick/server.rb:95:in `start'
    /opt/local/lib/ruby/1.8/webrick/server.rb:92:in `each'
    /opt/local/lib/ruby/1.8/webrick/server.rb:92:in `start'
    /opt/local/lib/ruby/1.8/webrick/server.rb:23:in `start'
    /opt/local/lib/ruby/1.8/webrick/server.rb:82:in `start'

Rendered rescues/_trace (48.1ms)
Rendered rescues/_request_and_response (0.3ms)
Rendering rescues/layout (internal_server_error)


Processing AccountsController#new (for ::1 at 2009-07-17 23:08:38) [GET]
Rendering template within layouts/application
Rendering accounts/new
Rendered accounts/_form (7.9ms)

ActionView::TemplateError (uninitialized constant ApplicationController::UserSession) on line #12 of app/views/layouts/application.html.erb:
9:   <body>
10:     <div id="container">
11: 		<div id="user_nav">
12: 			<% if current_user %>
13: 				<%= link_to "Edit Profile", edit_user_path(:current) %> | 
14: 				<%= link_to "Logout", logout_path %>
15: 			<% else %>

    app/controllers/application_controller.rb:17:in `current_user_session'
    app/controllers/application_controller.rb:22:in `current_user'
    (eval):2:in `send'
    (eval):2:in `current_user'
    app/views/layouts/application.html.erb:12
    restfulx (1.2.2) lib/restfulx.rb:69:in `render'
    /opt/local/lib/ruby/1.8/webrick/httpserver.rb:104:in `service'
    /opt/local/lib/ruby/1.8/webrick/httpserver.rb:65:in `run'
    /opt/local/lib/ruby/1.8/webrick/server.rb:173:in `start_thread'
    /opt/local/lib/ruby/1.8/webrick/server.rb:162:in `start'
    /opt/local/lib/ruby/1.8/webrick/server.rb:162:in `start_thread'
    /opt/local/lib/ruby/1.8/webrick/server.rb:95:in `start'
    /opt/local/lib/ruby/1.8/webrick/server.rb:92:in `each'
    /opt/local/lib/ruby/1.8/webrick/server.rb:92:in `start'
    /opt/local/lib/ruby/1.8/webrick/server.rb:23:in `start'
    /opt/local/lib/ruby/1.8/webrick/server.rb:82:in `start'

Rendered rescues/_trace (43.4ms)
Rendered rescues/_request_and_response (1.3ms)
Rendering rescues/layout (internal_server_error)


Processing AccountsController#new (for ::1 at 2009-07-17 23:09:52) [GET]
Rendering template within layouts/application
Rendering accounts/new
Rendered accounts/_form (5.8ms)

ActionView::TemplateError (undefined local variable or method `current_user' for #<ActionView::Base:0x252d698>) on line #12 of app/views/layouts/application.html.erb:
9:   <body>
10:     <div id="container">
11: 		<div id="user_nav">
12: 			<% if current_user %>
13: 				<%= link_to "Edit Profile", edit_user_path(:current) %> | 
14: 				<%= link_to "Logout", logout_path %>
15: 			<% else %>

    app/views/layouts/application.html.erb:12
    restfulx (1.2.2) lib/restfulx.rb:69:in `render'
    /opt/local/lib/ruby/1.8/webrick/httpserver.rb:104:in `service'
    /opt/local/lib/ruby/1.8/webrick/httpserver.rb:65:in `run'
    /opt/local/lib/ruby/1.8/webrick/server.rb:173:in `start_thread'
    /opt/local/lib/ruby/1.8/webrick/server.rb:162:in `start'
    /opt/local/lib/ruby/1.8/webrick/server.rb:162:in `start_thread'
    /opt/local/lib/ruby/1.8/webrick/server.rb:95:in `start'
    /opt/local/lib/ruby/1.8/webrick/server.rb:92:in `each'
    /opt/local/lib/ruby/1.8/webrick/server.rb:92:in `start'
    /opt/local/lib/ruby/1.8/webrick/server.rb:23:in `start'
    /opt/local/lib/ruby/1.8/webrick/server.rb:82:in `start'

Rendered rescues/_trace (116.6ms)
Rendered rescues/_request_and_response (0.3ms)
Rendering rescues/layout (internal_server_error)


Processing AccountsController#new (for ::1 at 2009-07-17 23:10:27) [GET]
Rendering template within layouts/application
Rendering accounts/new
Rendered accounts/_form (5.7ms)

ActionView::TemplateError (undefined method `current_account' for #<AccountsController:0x26e4c84>) on line #12 of app/views/layouts/application.html.erb:
9:   <body>
10:     <div id="container">
11: 		<div id="user_nav">
12: 			<% if current_account %>
13: 				<%= link_to "Edit Profile", edit_user_path(:current) %> | 
14: 				<%= link_to "Logout", logout_path %>
15: 			<% else %>

    (eval):2:in `send'
    (eval):2:in `current_account'
    app/views/layouts/application.html.erb:12
    restfulx (1.2.2) lib/restfulx.rb:69:in `render'
    /opt/local/lib/ruby/1.8/webrick/httpserver.rb:104:in `service'
    /opt/local/lib/ruby/1.8/webrick/httpserver.rb:65:in `run'
    /opt/local/lib/ruby/1.8/webrick/server.rb:173:in `start_thread'
    /opt/local/lib/ruby/1.8/webrick/server.rb:162:in `start'
    /opt/local/lib/ruby/1.8/webrick/server.rb:162:in `start_thread'
    /opt/local/lib/ruby/1.8/webrick/server.rb:95:in `start'
    /opt/local/lib/ruby/1.8/webrick/server.rb:92:in `each'
    /opt/local/lib/ruby/1.8/webrick/server.rb:92:in `start'
    /opt/local/lib/ruby/1.8/webrick/server.rb:23:in `start'
    /opt/local/lib/ruby/1.8/webrick/server.rb:82:in `start'

Rendered rescues/_trace (40.7ms)
Rendered rescues/_request_and_response (0.3ms)
Rendering rescues/layout (internal_server_error)


Processing AccountsController#new (for ::1 at 2009-07-17 23:11:07) [GET]
Rendering template within layouts/application
Rendering accounts/new
Rendered accounts/_form (7.9ms)

ActionView::TemplateError (undefined method `current_account' for #<AccountsController:0x240f4b4>) on line #12 of app/views/layouts/application.html.erb:
9:   <body>
10:     <div id="container">
11: 		<div id="user_nav">
12: 			<% if current_account %>
13: 				<%= link_to "Edit Profile", edit_account_path(:current) %> | 
14: 				<%= link_to "Logout", logout_path %>
15: 			<% else %>

    (eval):2:in `send'
    (eval):2:in `current_account'
    app/views/layouts/application.html.erb:12
    restfulx (1.2.2) lib/restfulx.rb:69:in `render'
    /opt/local/lib/ruby/1.8/webrick/httpserver.rb:104:in `service'
    /opt/local/lib/ruby/1.8/webrick/httpserver.rb:65:in `run'
    /opt/local/lib/ruby/1.8/webrick/server.rb:173:in `start_thread'
    /opt/local/lib/ruby/1.8/webrick/server.rb:162:in `start'
    /opt/local/lib/ruby/1.8/webrick/server.rb:162:in `start_thread'
    /opt/local/lib/ruby/1.8/webrick/server.rb:95:in `start'
    /opt/local/lib/ruby/1.8/webrick/server.rb:92:in `each'
    /opt/local/lib/ruby/1.8/webrick/server.rb:92:in `start'
    /opt/local/lib/ruby/1.8/webrick/server.rb:23:in `start'
    /opt/local/lib/ruby/1.8/webrick/server.rb:82:in `start'

Rendered rescues/_trace (41.7ms)
Rendered rescues/_request_and_response (1.3ms)
Rendering rescues/layout (internal_server_error)


Processing AccountsController#new (for ::1 at 2009-07-17 23:11:46) [GET]
Rendering template within layouts/application
Rendering accounts/new
Rendered accounts/_form (7.8ms)
  [4;36;1mAccount Load (0.6ms)[0m   [0;1mSELECT * FROM "accounts" WHERE ("accounts"."id" = '1') LIMIT 1[0m
  [4;35;1mAccount Update (0.7ms)[0m   [0mUPDATE "accounts" SET "updated_at" = '2009-07-18 05:11:46', "perishable_token" = 'nk0T8-m_VnCNSuOqnmOB', "last_request_at" = '2009-07-18 05:11:46' WHERE "id" = 1[0m
Completed in 169ms (View: 155, DB: 1) | 200 OK [http://localhost/accounts/new]


Processing AccountSessionsController#destroy (for ::1 at 2009-07-17 23:11:53) [GET]
  [4;36;1mAccount Load (0.5ms)[0m   [0;1mSELECT * FROM "accounts" WHERE ("accounts"."id" = '1') LIMIT 1[0m
  [4;35;1mAccount Update (0.7ms)[0m   [0mUPDATE "accounts" SET "updated_at" = '2009-07-18 05:11:53', "perishable_token" = 'a3FUmVFt-Qq9S5MC8bPl', "last_request_at" = '2009-07-18 05:11:53' WHERE "id" = 1[0m
Redirected to http://localhost:3000/
Completed in 26ms (DB: 1) | 302 Found [http://localhost/logout]


Processing ApplicationController#index (for ::1 at 2009-07-17 23:11:53) [GET]

NameError (uninitialized constant WelcomeController):
  /opt/local/lib/ruby/1.8/webrick/httpserver.rb:104:in `service'
  /opt/local/lib/ruby/1.8/webrick/httpserver.rb:65:in `run'
  /opt/local/lib/ruby/1.8/webrick/server.rb:173:in `start_thread'
  /opt/local/lib/ruby/1.8/webrick/server.rb:162:in `start'
  /opt/local/lib/ruby/1.8/webrick/server.rb:162:in `start_thread'
  /opt/local/lib/ruby/1.8/webrick/server.rb:95:in `start'
  /opt/local/lib/ruby/1.8/webrick/server.rb:92:in `each'
  /opt/local/lib/ruby/1.8/webrick/server.rb:92:in `start'
  /opt/local/lib/ruby/1.8/webrick/server.rb:23:in `start'
  /opt/local/lib/ruby/1.8/webrick/server.rb:82:in `start'

Rendered rescues/_trace (29.6ms)
Rendered rescues/_request_and_response (1.4ms)
Rendering rescues/layout (internal_server_error)


Processing AccountsController#new (for ::1 at 2009-07-17 23:11:59) [GET]
Rendering template within layouts/application
Rendering accounts/new
Rendered accounts/_form (6.2ms)
Completed in 89ms (View: 78, DB: 0) | 200 OK [http://localhost/accounts/new]


Processing AccountSessionsController#new (for ::1 at 2009-07-17 23:12:28) [GET]
Rendering template within layouts/application
Rendering account_sessions/new
Completed in 21ms (View: 6, DB: 0) | 200 OK [http://localhost/login]


Processing AccountSessionsController#create (for ::1 at 2009-07-17 23:12:31) [POST]
  Parameters: {"commit"=>"Submit", "account_session"=>{"password"=>"123456", "login"=>"travis"}, "authenticity_token"=>"oRCtz2KI+2gkhmGrpkwFnTshRJ6R4HeInYkNhXOA2YA="}
  [4;36;1mAccount Load (0.6ms)[0m   [0;1mSELECT * FROM "accounts" WHERE (LOWER("accounts".login) = 'travis') LIMIT 1[0m
  [4;35;1mAccount Update (0.7ms)[0m   [0mUPDATE "accounts" SET "login_count" = 2, "updated_at" = '2009-07-18 05:12:31', "perishable_token" = 'a71lOGQf0Yx8AR76V7Fz', "last_request_at" = '2009-07-18 05:12:31', "last_login_at" = '2009-07-18 04:56:08', "last_login_ip" = '::1', "current_login_at" = '2009-07-18 05:12:31' WHERE "id" = 1[0m
Redirected to http://localhost:3000/
Completed in 119ms (DB: 1) | 302 Found [http://localhost/account_sessions]


Processing ApplicationController#index (for ::1 at 2009-07-17 23:12:31) [GET]

NameError (uninitialized constant WelcomeController):
  /opt/local/lib/ruby/1.8/webrick/httpserver.rb:104:in `service'
  /opt/local/lib/ruby/1.8/webrick/httpserver.rb:65:in `run'
  /opt/local/lib/ruby/1.8/webrick/server.rb:173:in `start_thread'
  /opt/local/lib/ruby/1.8/webrick/server.rb:162:in `start'
  /opt/local/lib/ruby/1.8/webrick/server.rb:162:in `start_thread'
  /opt/local/lib/ruby/1.8/webrick/server.rb:95:in `start'
  /opt/local/lib/ruby/1.8/webrick/server.rb:92:in `each'
  /opt/local/lib/ruby/1.8/webrick/server.rb:92:in `start'
  /opt/local/lib/ruby/1.8/webrick/server.rb:23:in `start'
  /opt/local/lib/ruby/1.8/webrick/server.rb:82:in `start'

Rendered rescues/_trace (28.4ms)
Rendered rescues/_request_and_response (0.3ms)
Rendering rescues/layout (internal_server_error)


Processing AccountsController#new (for ::1 at 2009-07-17 23:12:36) [GET]
Rendering template within layouts/application
Rendering accounts/new
Rendered accounts/_form (6.1ms)
  [4;36;1mAccount Load (0.6ms)[0m   [0;1mSELECT * FROM "accounts" WHERE ("accounts"."id" = '1') LIMIT 1[0m
  [4;35;1mAccount Update (0.7ms)[0m   [0mUPDATE "accounts" SET "updated_at" = '2009-07-18 05:12:36', "perishable_token" = 'wRnk9_TYjJp436XBQQUH', "last_request_at" = '2009-07-18 05:12:36' WHERE "id" = 1[0m
Completed in 32ms (View: 18, DB: 1) | 200 OK [http://localhost/accounts/new]


Processing AccountsController#edit (for ::1 at 2009-07-17 23:12:39) [GET]
  Parameters: {"id"=>"current"}
  [4;36;1mAccount Load (0.2ms)[0m   [0;1mSELECT * FROM "accounts" WHERE ("accounts"."id" = 0) [0m

ActiveRecord::RecordNotFound (Couldn't find Account with ID=current):
  app/controllers/accounts_controller.rb:17:in `edit'
  /opt/local/lib/ruby/1.8/webrick/httpserver.rb:104:in `service'
  /opt/local/lib/ruby/1.8/webrick/httpserver.rb:65:in `run'
  /opt/local/lib/ruby/1.8/webrick/server.rb:173:in `start_thread'
  /opt/local/lib/ruby/1.8/webrick/server.rb:162:in `start'
  /opt/local/lib/ruby/1.8/webrick/server.rb:162:in `start_thread'
  /opt/local/lib/ruby/1.8/webrick/server.rb:95:in `start'
  /opt/local/lib/ruby/1.8/webrick/server.rb:92:in `each'
  /opt/local/lib/ruby/1.8/webrick/server.rb:92:in `start'
  /opt/local/lib/ruby/1.8/webrick/server.rb:23:in `start'
  /opt/local/lib/ruby/1.8/webrick/server.rb:82:in `start'

Rendered rescues/_trace (38.1ms)
Rendered rescues/_request_and_response (0.3ms)
Rendering rescues/layout (not_found)


Processing AccountsController#edit (for ::1 at 2009-07-17 23:14:05) [GET]
  Parameters: {"id"=>"current"}
  [4;35;1mAccount Load (0.6ms)[0m   [0mSELECT * FROM "accounts" WHERE ("accounts"."id" = '1') LIMIT 1[0m
  [4;36;1mAccount Update (0.7ms)[0m   [0;1mUPDATE "accounts" SET "updated_at" = '2009-07-18 05:14:05', "perishable_token" = '46uf_MiO0qwKz24e9bPJ', "last_request_at" = '2009-07-18 05:14:05' WHERE "id" = 1[0m
Rendering template within layouts/application
Rendering accounts/edit
Rendered accounts/_form (2.1ms)
Completed in 114ms (View: 7, DB: 1) | 200 OK [http://localhost/accounts/current/edit]


Processing AccountsController#update (for ::1 at 2009-07-17 23:14:37) [PUT]
  Parameters: {"commit"=>"Submit", "authenticity_token"=>"oRCtz2KI+2gkhmGrpkwFnTshRJ6R4HeInYkNhXOA2YA=", "account"=>{"name"=>"tbarker", "password_confirmation"=>"", "password"=>"", "login"=>"travis", "email"=>"tbarker@me.com"}, "id"=>"1"}
  [4;35;1mAccount Load (0.5ms)[0m   [0mSELECT * FROM "accounts" WHERE ("accounts"."id" = '1') LIMIT 1[0m
  [4;36;1mAccount Update (0.8ms)[0m   [0;1mUPDATE "accounts" SET "updated_at" = '2009-07-18 05:14:37', "perishable_token" = '2odPD5qV_StJ1I6L9oqJ', "last_request_at" = '2009-07-18 05:14:37' WHERE "id" = 1[0m
  [4;35;1mAccount Exists (0.2ms)[0m   [0mSELECT "accounts".id FROM "accounts" WHERE (LOWER("accounts"."email") = 'tbarker@me.com' AND "accounts".id <> 1) LIMIT 1[0m
  [4;36;1mAccount Update (0.5ms)[0m   [0;1mUPDATE "accounts" SET "updated_at" = '2009-07-18 05:14:37', "email" = 'tbarker@me.com', "perishable_token" = 'gp0Ja34Tj_5TGDMukCEW' WHERE "id" = 1[0m
Redirected to http://localhost:3000/
Completed in 31ms (DB: 2) | 302 Found [http://localhost/accounts/1]


Processing ApplicationController#index (for ::1 at 2009-07-17 23:14:37) [GET]

NameError (uninitialized constant WelcomeController):
  /opt/local/lib/ruby/1.8/webrick/httpserver.rb:104:in `service'
  /opt/local/lib/ruby/1.8/webrick/httpserver.rb:65:in `run'
  /opt/local/lib/ruby/1.8/webrick/server.rb:173:in `start_thread'
  /opt/local/lib/ruby/1.8/webrick/server.rb:162:in `start'
  /opt/local/lib/ruby/1.8/webrick/server.rb:162:in `start_thread'
  /opt/local/lib/ruby/1.8/webrick/server.rb:95:in `start'
  /opt/local/lib/ruby/1.8/webrick/server.rb:92:in `each'
  /opt/local/lib/ruby/1.8/webrick/server.rb:92:in `start'
  /opt/local/lib/ruby/1.8/webrick/server.rb:23:in `start'
  /opt/local/lib/ruby/1.8/webrick/server.rb:82:in `start'

Rendered rescues/_trace (27.7ms)
Rendered rescues/_request_and_response (0.3ms)
Rendering rescues/layout (internal_server_error)


Processing AccountsController#new (for ::1 at 2009-07-17 23:14:42) [GET]
Rendering template within layouts/application
Rendering accounts/new
Rendered accounts/_form (5.5ms)
  [4;35;1mAccount Load (0.5ms)[0m   [0mSELECT * FROM "accounts" WHERE ("accounts"."id" = '1') LIMIT 1[0m
  [4;36;1mAccount Update (0.6ms)[0m   [0;1mUPDATE "accounts" SET "updated_at" = '2009-07-18 05:14:42', "perishable_token" = '306eDCkVcSCz9lYRX2d8', "last_request_at" = '2009-07-18 05:14:42' WHERE "id" = 1[0m
Completed in 28ms (View: 16, DB: 1) | 200 OK [http://localhost/accounts/new]


Processing AccountSessionsController#destroy (for ::1 at 2009-07-17 23:14:57) [GET]
  [4;35;1mAccount Load (0.5ms)[0m   [0mSELECT * FROM "accounts" WHERE ("accounts"."id" = '1') LIMIT 1[0m
  [4;36;1mAccount Update (0.9ms)[0m   [0;1mUPDATE "accounts" SET "updated_at" = '2009-07-18 05:14:57', "perishable_token" = '1ZW59VWbZhj5LGWVib7b', "last_request_at" = '2009-07-18 05:14:57' WHERE "id" = 1[0m
Redirected to http://localhost:3000/
Completed in 27ms (DB: 1) | 302 Found [http://localhost/logout]


Processing ApplicationController#index (for ::1 at 2009-07-17 23:14:58) [GET]

NameError (uninitialized constant WelcomeController):
  /opt/local/lib/ruby/1.8/webrick/httpserver.rb:104:in `service'
  /opt/local/lib/ruby/1.8/webrick/httpserver.rb:65:in `run'
  /opt/local/lib/ruby/1.8/webrick/server.rb:173:in `start_thread'
  /opt/local/lib/ruby/1.8/webrick/server.rb:162:in `start'
  /opt/local/lib/ruby/1.8/webrick/server.rb:162:in `start_thread'
  /opt/local/lib/ruby/1.8/webrick/server.rb:95:in `start'
  /opt/local/lib/ruby/1.8/webrick/server.rb:92:in `each'
  /opt/local/lib/ruby/1.8/webrick/server.rb:92:in `start'
  /opt/local/lib/ruby/1.8/webrick/server.rb:23:in `start'
  /opt/local/lib/ruby/1.8/webrick/server.rb:82:in `start'

Rendered rescues/_trace (28.1ms)
Rendered rescues/_request_and_response (0.3ms)
Rendering rescues/layout (internal_server_error)


Processing AccountsController#new (for ::1 at 2009-07-17 23:15:01) [GET]
Rendering template within layouts/application
Rendering accounts/new
Rendered accounts/_form (5.7ms)
Completed in 22ms (View: 10, DB: 0) | 200 OK [http://localhost/accounts/new]
